2026-05-29T12:38:26.865-04:00  INFO 29628 --- [videollamada] [main] m.videollamada.VideollamadaApplication   : Starting VideollamadaApplication using Java 25 with PID 29628 (C:\Users\chigu\OneDrive\Desktop\Nueva carpeta\Medilink\videollamada\target\classes started by chigu in C:\Users\chigu\OneDrive\Desktop\Nueva carpeta\Medilink\videollamada)
2026-05-29T12:38:26.867-04:00  INFO 29628 --- [videollamada] [main] m.videollamada.VideollamadaApplication   : No active profile set, falling back to 1 default profile: "default"
2026-05-29T12:38:27.265-04:00  INFO 29628 --- [videollamada] [main] .s.d.r.c.RepositoryConfigurationDelegate : Bootstrapping Spring Data JPA repositories in DEFAULT mode.
2026-05-29T12:38:27.300-04:00  INFO 29628 --- [videollamada] [main] .s.d.r.c.RepositoryConfigurationDelegate : Finished Spring Data repository scanning in 29 ms. Found 1 JPA repository interface.
2026-05-29T12:38:27.379-04:00  INFO 29628 --- [videollamada] [main] o.s.cloud.context.scope.GenericScope     : BeanFactory id=c6c7851e-bad4-3f86-9d82-bb0458d14208
2026-05-29T12:38:27.573-04:00  INFO 29628 --- [videollamada] [main] o.s.boot.tomcat.TomcatWebServer          : Tomcat initialized with port 3011 (http)
2026-05-29T12:38:27.581-04:00  INFO 29628 --- [videollamada] [main] o.apache.catalina.core.StandardService   : Starting service [Tomcat]
2026-05-29T12:38:27.582-04:00  INFO 29628 --- [videollamada] [main] o.apache.catalina.core.StandardEngine    : Starting Servlet engine: [Apache Tomcat/11.0.21]
2026-05-29T12:38:27.626-04:00  INFO 29628 --- [videollamada] [main] b.w.c.s.WebApplicationContextInitializer : Root WebApplicationContext: initialization completed in 731 ms
2026-05-29T12:38:27.833-04:00  INFO 29628 --- [videollamada] [main] com.zaxxer.hikari.HikariDataSource       : HikariPool-1 - Starting...
2026-05-29T12:38:27.919-04:00  INFO 29628 --- [videollamada] [main] com.zaxxer.hikari.pool.HikariPool        : HikariPool-1 - Added connection com.mysql.cj.jdbc.ConnectionImpl@3e38c472
2026-05-29T12:38:27.920-04:00  INFO 29628 --- [videollamada] [main] com.zaxxer.hikari.HikariDataSource       : HikariPool-1 - Start completed.
2026-05-29T12:38:27.963-04:00  INFO 29628 --- [videollamada] [main] org.flywaydb.core.FlywayExecutor         : Database: jdbc:mysql://localhost:3306/videollamada (MySQL 5.5)
2026-05-29T12:38:27.987-04:00  INFO 29628 --- [videollamada] [main] o.f.c.i.s.JdbcTableSchemaHistory         : Schema history table `videollamada`.`flyway_schema_history` does not exist yet
2026-05-29T12:38:27.989-04:00  INFO 29628 --- [videollamada] [main] o.f.core.internal.command.DbValidate     : Successfully validated 2 migrations (execution time 00:00.011s)
2026-05-29T12:38:28.017-04:00  INFO 29628 --- [videollamada] [main] o.f.c.i.s.JdbcTableSchemaHistory         : Creating Schema History table `videollamada`.`flyway_schema_history` ...
2026-05-29T12:38:28.060-04:00  INFO 29628 --- [videollamada] [main] o.f.core.internal.command.DbMigrate      : Current version of schema `videollamada`: << Empty Schema >>
2026-05-29T12:38:28.067-04:00  INFO 29628 --- [videollamada] [main] o.f.core.internal.command.DbMigrate      : Migrating schema `videollamada` to version "1 - crear tablas videollamadas"
2026-05-29T12:38:28.088-04:00  INFO 29628 --- [videollamada] [main] o.f.core.internal.command.DbMigrate      : Migrating schema `videollamada` to version "2 - insertar videollamadas"
2026-05-29T12:38:28.098-04:00  INFO 29628 --- [videollamada] [main] o.f.core.internal.command.DbMigrate      : Successfully applied 2 migrations to schema `videollamada`, now at version v2 (execution time 00:00.009s)
2026-05-29T12:38:28.149-04:00  INFO 29628 --- [videollamada] [main] org.hibernate.orm.jpa                    : HHH008540: Processing PersistenceUnitInfo [name: default]
2026-05-29T12:38:28.178-04:00  INFO 29628 --- [videollamada] [main] org.hibernate.orm.core                   : HHH000001: Hibernate ORM core version 7.2.12.Final
2026-05-29T12:38:28.443-04:00  INFO 29628 --- [videollamada] [main] o.s.o.j.p.SpringPersistenceUnitInfo      : No LoadTimeWeaver setup: ignoring JPA class transformer
2026-05-29T12:38:28.472-04:00  WARN 29628 --- [videollamada] [main] org.hibernate.orm.core                   : HHH000511: The 5.5.5 version for [org.hibernate.dialect.MySQLDialect] is no longer supported, hence certain features may not work properly.The minimum supported version is 8.0.0. Check the community dialects project for available legacy versions.
2026-05-29T12:38:28.474-04:00  WARN 29628 --- [videollamada] [main] org.hibernate.orm.deprecation            : HHH90000025: MySQLDialect does not need to be specified explicitly using 'hibernate.dialect' (remove the property setting and it will be selected by default)
2026-05-29T12:38:28.482-04:00  INFO 29628 --- [videollamada] [main] org.hibernate.orm.connections.pooling    : HHH10001005: Database info:
	Database JDBC URL [jdbc:mysql://localhost:3306/videollamada]
	Database driver: MySQL Connector/J
	Database dialect: MySQLDialect
	Database version: 5.5.5
	Default catalog/schema: videollamada/undefined
	Autocommit mode: undefined/unknown
	Isolation level: REPEATABLE_READ [default REPEATABLE_READ]
	JDBC fetch size: none
	Pool: DataSourceConnectionProvider
	Minimum pool size: undefined/unknown
	Maximum pool size: undefined/unknown
2026-05-29T12:38:28.958-04:00  INFO 29628 --- [videollamada] [main] org.hibernate.orm.core                   : HHH000489: No JTA platform available (set 'hibernate.transaction.jta.platform' to enable JTA platform integration)
2026-05-29T12:38:28.988-04:00  INFO 29628 --- [videollamada] [main] j.LocalContainerEntityManagerFactoryBean : Initialized JPA EntityManagerFactory for persistence unit 'default'
2026-05-29T12:38:29.028-04:00  INFO 29628 --- [videollamada] [main] o.s.d.j.r.query.QueryEnhancerFactories   : Hibernate is in classpath; If applicable, HQL parser will be used.
2026-05-29T12:38:29.132-04:00  WARN 29628 --- [videollamada] [main] JpaBaseConfiguration$JpaWebConfiguration : spring.jpa.open-in-view is enabled by default. Therefore, database queries may be performed during view rendering. Explicitly configure spring.jpa.open-in-view to disable this warning
2026-05-29T12:38:30.328-04:00  INFO 29628 --- [videollamada] [main] o.s.cloud.commons.util.InetUtils         : Cannot determine local hostname
2026-05-29T12:38:30.359-04:00  INFO 29628 --- [videollamada] [main] o.s.boot.tomcat.TomcatWebServer          : Tomcat started on port 3011 (http) with context path '/'
2026-05-29T12:38:31.366-04:00  INFO 29628 --- [videollamada] [main] o.s.cloud.commons.util.InetUtils         : Cannot determine local hostname
2026-05-29T12:38:31.370-04:00  INFO 29628 --- [videollamada] [main] m.videollamada.VideollamadaApplication   : Started VideollamadaApplication in 5.802 seconds (process running for 6.211)
2026-05-29T12:40:01.717-04:00  INFO 29628 --- [videollamada] [http-nio-3011-exec-10] o.a.c.c.C.[Tomcat].[localhost].[/]       : Initializing Spring DispatcherServlet 'dispatcherServlet'
2026-05-29T12:40:01.718-04:00  INFO 29628 --- [videollamada] [http-nio-3011-exec-10] o.s.web.servlet.DispatcherServlet        : Initializing Servlet 'dispatcherServlet'
2026-05-29T12:40:01.719-04:00  INFO 29628 --- [videollamada] [http-nio-3011-exec-10] o.s.web.servlet.DispatcherServlet        : Completed initialization in 1 ms
2026-05-29T12:40:01.749-04:00  INFO 29628 --- [videollamada] [http-nio-3011-exec-10] m.v.service.VideollamadaService          : Obteniendo listado de videollamadas
2026-05-29T12:40:18.519-04:00  INFO 29628 --- [videollamada] [http-nio-3011-exec-6] m.v.service.VideollamadaService          : Obteniendo videollamada con id 1
2026-05-29T12:41:00.250-04:00 ERROR 29628 --- [videollamada] [http-nio-3011-exec-7] m.v.exception.GlobalExceptionHandler     : Ha ocurrido un error {enlaceSesion=el enlace de sesión no puede ir en blanco, estadoVideollamada=el estado de la videollamada no puede ir vacío, fechaProgramada=la fecha programada no puede ir vacía, horaInicio=la hora de inicio no puede ir vacía}
2026-05-29T12:41:25.257-04:00  INFO 29628 --- [videollamada] [http-nio-3011-exec-2] m.v.service.VideollamadaService          : Creando videollamada: VideollamadaRequest(idCita=11, idPaciente=111, idProfesional=211, fechaProgramada=2026-06-10, horaInicio=10:00, horaTermino=10:30, enlaceSesion=https://meet.medilink.cl/sesion/011, estadoVideollamada=PROGRAMADA)
2026-05-29T12:42:06.512-04:00 ERROR 29628 --- [videollamada] [http-nio-3011-exec-4] m.v.exception.GlobalExceptionHandler     : Ha ocurrido un error {enlaceSesion=el enlace de sesión no puede ir en blanco, estadoVideollamada=el estado de la videollamada no puede ir vacío, fechaProgramada=la fecha programada no puede ir vacía, horaInicio=la hora de inicio no puede ir vacía}
2026-05-29T12:42:13.129-04:00 ERROR 29628 --- [videollamada] [http-nio-3011-exec-3] m.v.exception.GlobalExceptionHandler     : Estado de videollamada desconocido: EN_CURSO
2026-05-29T12:42:42.822-04:00 ERROR 29628 --- [videollamada] [http-nio-3011-exec-5] m.v.exception.GlobalExceptionHandler     : Estado de videollamada desconocido: EN_CURSO
2026-05-29T12:47:31.048-04:00  INFO 29628 --- [videollamada] [http-nio-3011-exec-6] m.v.service.VideollamadaService          : Videollamada con id 1 actualizada
2026-05-29T12:48:18.897-04:00  INFO 29628 --- [videollamada] [http-nio-3011-exec-7] m.v.service.VideollamadaService          : Videollamada con id 1 eliminada
2026-05-29T12:48:45.393-04:00  INFO 29628 --- [videollamada] [SpringApplicationShutdownHook] o.s.boot.tomcat.GracefulShutdown         : Commencing graceful shutdown. Waiting for active requests to complete
2026-05-29T12:48:45.401-04:00  INFO 29628 --- [videollamada] [tomcat-shutdown] o.s.boot.tomcat.GracefulShutdown         : Graceful shutdown complete
2026-05-29T12:48:45.403-04:00  INFO 29628 --- [videollamada] [SpringApplicationShutdownHook] j.LocalContainerEntityManagerFactoryBean : Closing JPA EntityManagerFactory for persistence unit 'default'
2026-05-29T12:48:45.405-04:00  INFO 29628 --- [videollamada] [SpringApplicationShutdownHook] com.zaxxer.hikari.HikariDataSource       : HikariPool-1 - Shutdown initiated...
2026-05-29T12:48:45.409-04:00  INFO 29628 --- [videollamada] [SpringApplicationShutdownHook] com.zaxxer.hikari.HikariDataSource       : HikariPool-1 - Shutdown completed.
