2026-05-29T09:18:10.453-04:00  INFO 2120 --- [receta_medica] [main] m.recetamedica.RecetaMedicaApplication   : Starting RecetaMedicaApplication using Java 25 with PID 2120 (C:\Users\chigu\OneDrive\Desktop\Nueva carpeta\Medilink\receta_medica\target\classes started by chigu in C:\Users\chigu\OneDrive\Desktop\Nueva carpeta\Medilink\receta_medica)
2026-05-29T09:18:10.455-04:00  INFO 2120 --- [receta_medica] [main] m.recetamedica.RecetaMedicaApplication   : No active profile set, falling back to 1 default profile: "default"
2026-05-29T09:18:10.977-04:00  INFO 2120 --- [receta_medica] [main] .s.d.r.c.RepositoryConfigurationDelegate : Bootstrapping Spring Data JPA repositories in DEFAULT mode.
2026-05-29T09:18:11.023-04:00  INFO 2120 --- [receta_medica] [main] .s.d.r.c.RepositoryConfigurationDelegate : Finished Spring Data repository scanning in 39 ms. Found 1 JPA repository interface.
2026-05-29T09:18:11.107-04:00  INFO 2120 --- [receta_medica] [main] o.s.cloud.context.scope.GenericScope     : BeanFactory id=2bfe149b-cd26-3126-bac8-057e4412ed49
2026-05-29T09:18:11.360-04:00  INFO 2120 --- [receta_medica] [main] o.s.boot.tomcat.TomcatWebServer          : Tomcat initialized with port 3008 (http)
2026-05-29T09:18:11.369-04:00  INFO 2120 --- [receta_medica] [main] o.apache.catalina.core.StandardService   : Starting service [Tomcat]
2026-05-29T09:18:11.370-04:00  INFO 2120 --- [receta_medica] [main] o.apache.catalina.core.StandardEngine    : Starting Servlet engine: [Apache Tomcat/11.0.21]
2026-05-29T09:18:11.412-04:00  INFO 2120 --- [receta_medica] [main] b.w.c.s.WebApplicationContextInitializer : Root WebApplicationContext: initialization completed in 913 ms
2026-05-29T09:18:11.693-04:00  INFO 2120 --- [receta_medica] [main] com.zaxxer.hikari.HikariDataSource       : HikariPool-1 - Starting...
2026-05-29T09:18:11.810-04:00  INFO 2120 --- [receta_medica] [main] com.zaxxer.hikari.pool.HikariPool        : HikariPool-1 - Added connection com.mysql.cj.jdbc.ConnectionImpl@a21c74
2026-05-29T09:18:11.811-04:00  INFO 2120 --- [receta_medica] [main] com.zaxxer.hikari.HikariDataSource       : HikariPool-1 - Start completed.
2026-05-29T09:18:11.863-04:00  INFO 2120 --- [receta_medica] [main] org.flywaydb.core.FlywayExecutor         : Database: jdbc:mysql://localhost:3306/receta_medica (MySQL 5.5)
2026-05-29T09:18:11.887-04:00  INFO 2120 --- [receta_medica] [main] o.f.c.i.s.JdbcTableSchemaHistory         : Schema history table `receta_medica`.`flyway_schema_history` does not exist yet
2026-05-29T09:18:11.889-04:00  INFO 2120 --- [receta_medica] [main] o.f.core.internal.command.DbValidate     : Successfully validated 2 migrations (execution time 00:00.012s)
2026-05-29T09:18:11.942-04:00  INFO 2120 --- [receta_medica] [main] o.f.c.i.s.JdbcTableSchemaHistory         : Creating Schema History table `receta_medica`.`flyway_schema_history` ...
2026-05-29T09:18:11.996-04:00  INFO 2120 --- [receta_medica] [main] o.f.core.internal.command.DbMigrate      : Current version of schema `receta_medica`: << Empty Schema >>
2026-05-29T09:18:12.006-04:00  INFO 2120 --- [receta_medica] [main] o.f.core.internal.command.DbMigrate      : Migrating schema `receta_medica` to version "1 - crear tabla recetas medicas"
2026-05-29T09:18:12.036-04:00  INFO 2120 --- [receta_medica] [main] o.f.core.internal.command.DbMigrate      : Migrating schema `receta_medica` to version "2 - insertar recetas medicas"
2026-05-29T09:18:12.053-04:00  INFO 2120 --- [receta_medica] [main] o.f.core.internal.command.DbMigrate      : Successfully applied 2 migrations to schema `receta_medica`, now at version v2 (execution time 00:00.012s)
2026-05-29T09:18:12.155-04:00  INFO 2120 --- [receta_medica] [main] org.hibernate.orm.jpa                    : HHH008540: Processing PersistenceUnitInfo [name: default]
2026-05-29T09:18:12.212-04:00  INFO 2120 --- [receta_medica] [main] org.hibernate.orm.core                   : HHH000001: Hibernate ORM core version 7.2.12.Final
2026-05-29T09:18:12.541-04:00  INFO 2120 --- [receta_medica] [main] o.s.o.j.p.SpringPersistenceUnitInfo      : No LoadTimeWeaver setup: ignoring JPA class transformer
2026-05-29T09:18:12.585-04:00  WARN 2120 --- [receta_medica] [main] org.hibernate.orm.core                   : HHH000511: The 5.5.5 version for [org.hibernate.dialect.MySQLDialect] is no longer supported, hence certain features may not work properly.The minimum supported version is 8.0.0. Check the community dialects project for available legacy versions.
2026-05-29T09:18:12.587-04:00  WARN 2120 --- [receta_medica] [main] org.hibernate.orm.deprecation            : HHH90000025: MySQLDialect does not need to be specified explicitly using 'hibernate.dialect' (remove the property setting and it will be selected by default)
2026-05-29T09:18:12.598-04:00  INFO 2120 --- [receta_medica] [main] org.hibernate.orm.connections.pooling    : HHH10001005: Database info:
	Database JDBC URL [jdbc:mysql://localhost:3306/receta_medica]
	Database driver: MySQL Connector/J
	Database dialect: MySQLDialect
	Database version: 5.5.5
	Default catalog/schema: receta_medica/undefined
	Autocommit mode: undefined/unknown
	Isolation level: REPEATABLE_READ [default REPEATABLE_READ]
	JDBC fetch size: none
	Pool: DataSourceConnectionProvider
	Minimum pool size: undefined/unknown
	Maximum pool size: undefined/unknown
2026-05-29T09:18:13.212-04:00  INFO 2120 --- [receta_medica] [main] org.hibernate.orm.core                   : HHH000489: No JTA platform available (set 'hibernate.transaction.jta.platform' to enable JTA platform integration)
2026-05-29T09:18:13.248-04:00  INFO 2120 --- [receta_medica] [main] j.LocalContainerEntityManagerFactoryBean : Initialized JPA EntityManagerFactory for persistence unit 'default'
2026-05-29T09:18:13.299-04:00  INFO 2120 --- [receta_medica] [main] o.s.d.j.r.query.QueryEnhancerFactories   : Hibernate is in classpath; If applicable, HQL parser will be used.
2026-05-29T09:18:13.439-04:00  WARN 2120 --- [receta_medica] [main] JpaBaseConfiguration$JpaWebConfiguration : spring.jpa.open-in-view is enabled by default. Therefore, database queries may be performed during view rendering. Explicitly configure spring.jpa.open-in-view to disable this warning
2026-05-29T09:18:14.658-04:00  INFO 2120 --- [receta_medica] [main] o.s.cloud.commons.util.InetUtils         : Cannot determine local hostname
2026-05-29T09:18:14.689-04:00  INFO 2120 --- [receta_medica] [main] o.s.boot.tomcat.TomcatWebServer          : Tomcat started on port 3008 (http) with context path '/'
2026-05-29T09:18:15.695-04:00  INFO 2120 --- [receta_medica] [main] o.s.cloud.commons.util.InetUtils         : Cannot determine local hostname
2026-05-29T09:18:15.700-04:00  INFO 2120 --- [receta_medica] [main] m.recetamedica.RecetaMedicaApplication   : Started RecetaMedicaApplication in 6.623 seconds (process running for 7.16)
2026-05-29T09:19:44.916-04:00  INFO 2120 --- [receta_medica] [http-nio-3008-exec-2] o.a.c.c.C.[Tomcat].[localhost].[/]       : Initializing Spring DispatcherServlet 'dispatcherServlet'
2026-05-29T09:19:44.916-04:00  INFO 2120 --- [receta_medica] [http-nio-3008-exec-2] o.s.web.servlet.DispatcherServlet        : Initializing Servlet 'dispatcherServlet'
2026-05-29T09:19:44.917-04:00  INFO 2120 --- [receta_medica] [http-nio-3008-exec-2] o.s.web.servlet.DispatcherServlet        : Completed initialization in 1 ms
2026-05-29T09:19:44.940-04:00  INFO 2120 --- [receta_medica] [http-nio-3008-exec-2] m.r.service.RecetaMedicaService          : Obteniendo listado de recetas médicas
2026-05-29T09:20:01.689-04:00  INFO 2120 --- [receta_medica] [http-nio-3008-exec-3] m.r.service.RecetaMedicaService          : Obteniendo receta médica con id 1
2026-05-29T09:21:04.104-04:00  INFO 2120 --- [receta_medica] [http-nio-3008-exec-6] m.r.service.RecetaMedicaService          : Creando receta médica: RecetaMedicaRequest(idPaciente=111, idProfesional=211, idCita=11, fechaEmision=2026-05-29, medicamento=Paracetamol 500mg, dosis=1 comprimido, frecuencia=Cada 8 horas, duracion=5 días, indicaciones=Tomar después de las comidas)
2026-05-29T09:21:40.789-04:00  INFO 2120 --- [receta_medica] [http-nio-3008-exec-5] m.r.service.RecetaMedicaService          : Receta médica con id 1 actualizada
2026-05-29T09:22:19.966-04:00  INFO 2120 --- [receta_medica] [http-nio-3008-exec-4] m.r.service.RecetaMedicaService          : Receta médica con id 1 eliminada
2026-05-29T09:23:07.896-04:00  INFO 2120 --- [receta_medica] [SpringApplicationShutdownHook] o.s.boot.tomcat.GracefulShutdown         : Commencing graceful shutdown. Waiting for active requests to complete
2026-05-29T09:23:07.905-04:00  INFO 2120 --- [receta_medica] [tomcat-shutdown] o.s.boot.tomcat.GracefulShutdown         : Graceful shutdown complete
2026-05-29T09:23:07.907-04:00  INFO 2120 --- [receta_medica] [SpringApplicationShutdownHook] j.LocalContainerEntityManagerFactoryBean : Closing JPA EntityManagerFactory for persistence unit 'default'
2026-05-29T09:23:07.908-04:00  INFO 2120 --- [receta_medica] [SpringApplicationShutdownHook] com.zaxxer.hikari.HikariDataSource       : HikariPool-1 - Shutdown initiated...
2026-05-29T09:23:07.911-04:00  INFO 2120 --- [receta_medica] [SpringApplicationShutdownHook] com.zaxxer.hikari.HikariDataSource       : HikariPool-1 - Shutdown completed.
