2026-05-29T01:31:50.637-04:00  INFO 19072 --- [historial_clinico] [main] m.h.HistorialClinicoApplication          : Starting HistorialClinicoApplication using Java 25 with PID 19072 (C:\Users\chigu\OneDrive\Desktop\Nueva carpeta\Medilink\historial_clinico\target\classes started by chigu in C:\Users\chigu\OneDrive\Desktop\Nueva carpeta\Medilink\historial_clinico)
2026-05-29T01:31:50.639-04:00  INFO 19072 --- [historial_clinico] [main] m.h.HistorialClinicoApplication          : No active profile set, falling back to 1 default profile: "default"
2026-05-29T01:31:51.044-04:00  INFO 19072 --- [historial_clinico] [main] .s.d.r.c.RepositoryConfigurationDelegate : Bootstrapping Spring Data JPA repositories in DEFAULT mode.
2026-05-29T01:31:51.077-04:00  INFO 19072 --- [historial_clinico] [main] .s.d.r.c.RepositoryConfigurationDelegate : Finished Spring Data repository scanning in 27 ms. Found 1 JPA repository interface.
2026-05-29T01:31:51.153-04:00  INFO 19072 --- [historial_clinico] [main] o.s.cloud.context.scope.GenericScope     : BeanFactory id=2ed56ab4-b0cc-3f78-80a6-80757ecd52df
2026-05-29T01:31:51.360-04:00  INFO 19072 --- [historial_clinico] [main] o.s.boot.tomcat.TomcatWebServer          : Tomcat initialized with port 3007 (http)
2026-05-29T01:31:51.371-04:00  INFO 19072 --- [historial_clinico] [main] o.apache.catalina.core.StandardService   : Starting service [Tomcat]
2026-05-29T01:31:51.371-04:00  INFO 19072 --- [historial_clinico] [main] o.apache.catalina.core.StandardEngine    : Starting Servlet engine: [Apache Tomcat/11.0.21]
2026-05-29T01:31:51.408-04:00  INFO 19072 --- [historial_clinico] [main] b.w.c.s.WebApplicationContextInitializer : Root WebApplicationContext: initialization completed in 740 ms
2026-05-29T01:31:51.617-04:00  INFO 19072 --- [historial_clinico] [main] com.zaxxer.hikari.HikariDataSource       : HikariPool-1 - Starting...
2026-05-29T01:31:51.697-04:00  INFO 19072 --- [historial_clinico] [main] com.zaxxer.hikari.pool.HikariPool        : HikariPool-1 - Added connection com.mysql.cj.jdbc.ConnectionImpl@733f1395
2026-05-29T01:31:51.699-04:00  INFO 19072 --- [historial_clinico] [main] com.zaxxer.hikari.HikariDataSource       : HikariPool-1 - Start completed.
2026-05-29T01:31:51.741-04:00  INFO 19072 --- [historial_clinico] [main] org.flywaydb.core.FlywayExecutor         : Database: jdbc:mysql://localhost:3306/historial_clinico (MySQL 5.5)
2026-05-29T01:31:51.766-04:00  INFO 19072 --- [historial_clinico] [main] o.f.c.i.s.JdbcTableSchemaHistory         : Schema history table `historial_clinico`.`flyway_schema_history` does not exist yet
2026-05-29T01:31:51.768-04:00  INFO 19072 --- [historial_clinico] [main] o.f.core.internal.command.DbValidate     : Successfully validated 2 migrations (execution time 00:00.011s)
2026-05-29T01:31:51.792-04:00  INFO 19072 --- [historial_clinico] [main] o.f.c.i.s.JdbcTableSchemaHistory         : Creating Schema History table `historial_clinico`.`flyway_schema_history` ...
2026-05-29T01:31:51.833-04:00  INFO 19072 --- [historial_clinico] [main] o.f.core.internal.command.DbMigrate      : Current version of schema `historial_clinico`: << Empty Schema >>
2026-05-29T01:31:51.844-04:00  INFO 19072 --- [historial_clinico] [main] o.f.core.internal.command.DbMigrate      : Migrating schema `historial_clinico` to version "1 - crear tabla historial clinico"
2026-05-29T01:31:51.865-04:00  INFO 19072 --- [historial_clinico] [main] o.f.core.internal.command.DbMigrate      : Migrating schema `historial_clinico` to version "2 - insertar historiales"
2026-05-29T01:31:51.875-04:00  INFO 19072 --- [historial_clinico] [main] o.f.core.internal.command.DbMigrate      : Successfully applied 2 migrations to schema `historial_clinico`, now at version v2 (execution time 00:00.013s)
2026-05-29T01:31:51.923-04:00  INFO 19072 --- [historial_clinico] [main] org.hibernate.orm.jpa                    : HHH008540: Processing PersistenceUnitInfo [name: default]
2026-05-29T01:31:51.952-04:00  INFO 19072 --- [historial_clinico] [main] org.hibernate.orm.core                   : HHH000001: Hibernate ORM core version 7.2.12.Final
2026-05-29T01:31:52.216-04:00  INFO 19072 --- [historial_clinico] [main] o.s.o.j.p.SpringPersistenceUnitInfo      : No LoadTimeWeaver setup: ignoring JPA class transformer
2026-05-29T01:31:52.256-04:00  WARN 19072 --- [historial_clinico] [main] org.hibernate.orm.core                   : HHH000511: The 5.5.5 version for [org.hibernate.dialect.MySQLDialect] is no longer supported, hence certain features may not work properly.The minimum supported version is 8.0.0. Check the community dialects project for available legacy versions.
2026-05-29T01:31:52.257-04:00  WARN 19072 --- [historial_clinico] [main] org.hibernate.orm.deprecation            : HHH90000025: MySQLDialect does not need to be specified explicitly using 'hibernate.dialect' (remove the property setting and it will be selected by default)
2026-05-29T01:31:52.265-04:00  INFO 19072 --- [historial_clinico] [main] org.hibernate.orm.connections.pooling    : HHH10001005: Database info:
	Database JDBC URL [jdbc:mysql://localhost:3306/historial_clinico]
	Database driver: MySQL Connector/J
	Database dialect: MySQLDialect
	Database version: 5.5.5
	Default catalog/schema: historial_clinico/undefined
	Autocommit mode: undefined/unknown
	Isolation level: REPEATABLE_READ [default REPEATABLE_READ]
	JDBC fetch size: none
	Pool: DataSourceConnectionProvider
	Minimum pool size: undefined/unknown
	Maximum pool size: undefined/unknown
2026-05-29T01:31:52.724-04:00  INFO 19072 --- [historial_clinico] [main] org.hibernate.orm.core                   : HHH000489: No JTA platform available (set 'hibernate.transaction.jta.platform' to enable JTA platform integration)
2026-05-29T01:31:52.758-04:00  INFO 19072 --- [historial_clinico] [main] j.LocalContainerEntityManagerFactoryBean : Initialized JPA EntityManagerFactory for persistence unit 'default'
2026-05-29T01:31:52.798-04:00  INFO 19072 --- [historial_clinico] [main] o.s.d.j.r.query.QueryEnhancerFactories   : Hibernate is in classpath; If applicable, HQL parser will be used.
2026-05-29T01:31:52.906-04:00  WARN 19072 --- [historial_clinico] [main] JpaBaseConfiguration$JpaWebConfiguration : spring.jpa.open-in-view is enabled by default. Therefore, database queries may be performed during view rendering. Explicitly configure spring.jpa.open-in-view to disable this warning
2026-05-29T01:31:54.097-04:00  INFO 19072 --- [historial_clinico] [main] o.s.cloud.commons.util.InetUtils         : Cannot determine local hostname
2026-05-29T01:31:54.127-04:00  INFO 19072 --- [historial_clinico] [main] o.s.boot.tomcat.TomcatWebServer          : Tomcat started on port 3007 (http) with context path '/'
2026-05-29T01:31:55.134-04:00  INFO 19072 --- [historial_clinico] [main] o.s.cloud.commons.util.InetUtils         : Cannot determine local hostname
2026-05-29T01:31:55.138-04:00  INFO 19072 --- [historial_clinico] [main] m.h.HistorialClinicoApplication          : Started HistorialClinicoApplication in 5.782 seconds (process running for 6.196)
2026-05-29T01:34:07.825-04:00  INFO 19072 --- [historial_clinico] [http-nio-3007-exec-5] o.a.c.c.C.[Tomcat].[localhost].[/]       : Initializing Spring DispatcherServlet 'dispatcherServlet'
2026-05-29T01:34:07.825-04:00  INFO 19072 --- [historial_clinico] [http-nio-3007-exec-5] o.s.web.servlet.DispatcherServlet        : Initializing Servlet 'dispatcherServlet'
2026-05-29T01:34:07.832-04:00  INFO 19072 --- [historial_clinico] [http-nio-3007-exec-5] o.s.web.servlet.DispatcherServlet        : Completed initialization in 7 ms
2026-05-29T01:34:07.860-04:00  INFO 19072 --- [historial_clinico] [http-nio-3007-exec-5] m.h.service.HistorialClinicoService      : Obteniendo listado de historiales clínicos
2026-05-29T01:36:44.692-04:00  INFO 19072 --- [historial_clinico] [http-nio-3007-exec-7] m.h.service.HistorialClinicoService      : Obteniendo historial clínico con id 1
2026-05-29T01:37:02.576-04:00  INFO 19072 --- [historial_clinico] [http-nio-3007-exec-8] m.h.service.HistorialClinicoService      : Creando historial clínico: HistorialClinicoRequest(idPaciente=111, idProfesional=211, idCita=11, fechaAtencion=2026-05-29, diagnostico=Resfrío común, observaciones=Paciente presenta congestión nasal, recomendaciones=Reposo e hidratación)
2026-05-29T01:37:31.087-04:00 ERROR 19072 --- [historial_clinico] [http-nio-3007-exec-4] m.h.exception.GlobalExceptionHandler     : Ha ocurrido un error {idCita=el id de la cita no puede ir vacío, diagnostico=el diagnóstico no puede ir en blanco, fechaAtencion=la fecha de atención no puede ir vacía}
2026-05-29T01:38:03.950-04:00  INFO 19072 --- [historial_clinico] [http-nio-3007-exec-9] m.h.service.HistorialClinicoService      : Historial clínico con id 1 actualizado
2026-05-29T01:38:39.186-04:00  INFO 19072 --- [historial_clinico] [http-nio-3007-exec-10] m.h.service.HistorialClinicoService      : Historial clínico con id 1 eliminado
2026-05-29T01:39:47.689-04:00  INFO 19072 --- [historial_clinico] [SpringApplicationShutdownHook] o.s.boot.tomcat.GracefulShutdown         : Commencing graceful shutdown. Waiting for active requests to complete
2026-05-29T01:39:47.697-04:00  INFO 19072 --- [historial_clinico] [tomcat-shutdown] o.s.boot.tomcat.GracefulShutdown         : Graceful shutdown complete
2026-05-29T01:39:47.699-04:00  INFO 19072 --- [historial_clinico] [SpringApplicationShutdownHook] j.LocalContainerEntityManagerFactoryBean : Closing JPA EntityManagerFactory for persistence unit 'default'
2026-05-29T01:39:47.700-04:00  INFO 19072 --- [historial_clinico] [SpringApplicationShutdownHook] com.zaxxer.hikari.HikariDataSource       : HikariPool-1 - Shutdown initiated...
2026-05-29T01:39:47.703-04:00  INFO 19072 --- [historial_clinico] [SpringApplicationShutdownHook] com.zaxxer.hikari.HikariDataSource       : HikariPool-1 - Shutdown completed.
